This is pdfTeX, Version 3.14159265-2.6-1.40.18 (TeX Live 2017) (preloaded format=pdflatex 2017.5.23)  30 AUG 2018 16:12
entering extended mode
 restricted \write18 enabled.
 file:line:error style messages enabled.
 %&-line parsing enabled.
**graficas.tex
(./graficas.tex
LaTeX2e <2017-04-15>
Babel <3.10> and hyphenation patterns for 84 language(s) loaded.
(/usr/local/texlive/2017/texmf-dist/tex/latex/koma-script/scrlttr2.cls
Document Class: scrlttr2 2017/04/13 v3.23 KOMA-Script document class (letter)
(/usr/local/texlive/2017/texmf-dist/tex/latex/koma-script/scrkbase.sty
Package: scrkbase 2017/04/13 v3.23 KOMA-Script package (KOMA-Script-dependent b
asics and keyval usage)

(/usr/local/texlive/2017/texmf-dist/tex/latex/koma-script/scrbase.sty
Package: scrbase 2017/04/13 v3.23 KOMA-Script package (KOMA-Script-independent 
basics and keyval usage)

(/usr/local/texlive/2017/texmf-dist/tex/latex/graphics/keyval.sty
Package: keyval 2014/10/28 v1.15 key=value parser (DPC)
\KV@toks@=\toks14
)
(/usr/local/texlive/2017/texmf-dist/tex/latex/koma-script/scrlfile.sty
Package: scrlfile 2017/04/13 v3.23 KOMA-Script package (loading files)

Package scrlfile, 2017/04/13 v3.23 KOMA-Script package (loading files)
                  Copyright (C) Markus Kohm

)))
Class scrlttr2 Info: File `scrsize12pt.clo' used to setup font sizes on input l
ine 1783.
 (/usr/local/texlive/2017/texmf-dist/tex/latex/koma-script/scrsize12pt.clo
File: scrsize12pt.clo 2017/04/13 v3.23 KOMA-Script font size class option (12pt
)
)
LaTeX Info: Redefining \textsubscript on input line 1924.

(/usr/local/texlive/2017/texmf-dist/tex/latex/koma-script/typearea.sty
Package: typearea 2017/04/13 v3.23 KOMA-Script package (type area)
\ta@bcor=\skip41
\ta@div=\count79
\ta@hblk=\skip42
\ta@vblk=\skip43
\ta@temp=\skip44
\footheight=\skip45
Package typearea Info: These are the values describing the layout:
(typearea)             DIV  = 12
(typearea)             BCOR = 0.0pt
(typearea)             \paperwidth      = 597.50793pt
(typearea)              \textwidth      = 448.13095pt
(typearea)              DIV departure   = -6%
(typearea)              \evensidemargin = 2.4185pt
(typearea)              \oddsidemargin  = 2.4185pt
(typearea)             \paperheight     = 845.04694pt
(typearea)              \textheight     = 635.5pt
(typearea)              \topmargin      = -41.72441pt
(typearea)              \headheight     = 18.125pt
(typearea)              \headsep        = 21.75pt
(typearea)              \topskip        = 12.0pt
(typearea)              \footskip       = 50.75pt
(typearea)              \baselineskip   = 14.5pt
(typearea)              on input line 1647.
)
\c@letter=\count80
)
Class scrlttr2 Info: Letter-Class-Option `DIN' loaded on input line 2.

(/usr/local/texlive/2017/texmf-dist/tex/latex/koma-script/DIN.lco
File: DIN.lco 2017/04/13 v3.23 KOMA-Script letter-class-option
)
(./graficas.aux)
\openout1 = `graficas.aux'.

LaTeX Font Info:    Checking defaults for OML/cmm/m/it on input line 13.
LaTeX Font Info:    ... okay on input line 13.
LaTeX Font Info:    Checking defaults for T1/cmr/m/n on input line 13.
LaTeX Font Info:    ... okay on input line 13.
LaTeX Font Info:    Checking defaults for OT1/cmr/m/n on input line 13.
LaTeX Font Info:    ... okay on input line 13.
LaTeX Font Info:    Checking defaults for OMS/cmsy/m/n on input line 13.
LaTeX Font Info:    ... okay on input line 13.
LaTeX Font Info:    Checking defaults for OMX/cmex/m/n on input line 13.
LaTeX Font Info:    ... okay on input line 13.
LaTeX Font Info:    Checking defaults for U/cmr/m/n on input line 13.
LaTeX Font Info:    ... okay on input line 13.
Package scrbase Info: activating english \yourrefname on input line 13.
Package scrbase Info: activating english \yourmailname on input line 13.
Package scrbase Info: activating english \myrefname on input line 13.
Package scrbase Info: activating english \customername on input line 13.
Package scrbase Info: activating english \invoicename on input line 13.
Package scrbase Info: activating english \subjectname on input line 13.
Package scrbase Info: activating english \ccname on input line 13.
Package scrbase Info: activating english \enclname on input line 13.
Package scrbase Info: activating english \headtoname on input line 13.
Package scrbase Info: activating english \headfromname on input line 13.
Package scrbase Info: activating english \datename on input line 13.
Package scrbase Info: activating english \pagename on input line 13.
Package scrbase Info: activating english \phonename on input line 13.
Package scrbase Info: activating english \mobilephonename on input line 13.
Package scrbase Info: activating english \faxname on input line 13.
Package scrbase Info: activating english \emailname on input line 13.
Package scrbase Info: activating english \wwwname on input line 13.
Package scrbase Info: activating english \bankname on input line 13.
Class scrlttr2 Info: no date found for language `american'
(scrlttr2)           --> skipped on input line 13.
Class scrlttr2 Info: no date found for language `australien'
(scrlttr2)           --> skipped on input line 13.
Class scrlttr2 Info: no date found for language `british'
(scrlttr2)           --> skipped on input line 13.
Class scrlttr2 Info: no date found for language `canadian'
(scrlttr2)           --> skipped on input line 13.
Class scrlttr2 Info: no date found for language `newzealand'
(scrlttr2)           --> skipped on input line 13.
Class scrlttr2 Info: no date found for language `USenglish'
(scrlttr2)           --> skipped on input line 13.
Class scrlttr2 Info: no date found for language `UKenglish'
(scrlttr2)           --> skipped on input line 13.
Class scrlttr2 Info: no date found for language `german'
(scrlttr2)           --> skipped on input line 13.
Class scrlttr2 Info: no date found for language `ngerman'
(scrlttr2)           --> skipped on input line 13.
Class scrlttr2 Info: no date found for language `austrian'
(scrlttr2)           --> skipped on input line 13.
Class scrlttr2 Info: no date found for language `naustrian'
(scrlttr2)           --> skipped on input line 13.
Class scrlttr2 Info: no date found for language `swissgerman'
(scrlttr2)           --> skipped on input line 13.
Class scrlttr2 Info: no date found for language `nswissgerman'
(scrlttr2)           --> skipped on input line 13.
Class scrlttr2 Info: no date found for language `acadian'
(scrlttr2)           --> skipped on input line 13.
Class scrlttr2 Info: no date found for language `canadien'
(scrlttr2)           --> skipped on input line 13.
Class scrlttr2 Info: no date found for language `francais'
(scrlttr2)           --> skipped on input line 13.
Class scrlttr2 Info: no date found for language `french'
(scrlttr2)           --> skipped on input line 13.
Class scrlttr2 Info: no date found for language `italian'
(scrlttr2)           --> skipped on input line 13.
Class scrlttr2 Info: no date found for language `spanish'
(scrlttr2)           --> skipped on input line 13.
Class scrlttr2 Info: no date found for language `croatian'
(scrlttr2)           --> skipped on input line 13.
Class scrlttr2 Info: no date found for language `dutch'
(scrlttr2)           --> skipped on input line 13.
Class scrlttr2 Info: no date found for language `finnish'
(scrlttr2)           --> skipped on input line 13.
Class scrlttr2 Info: no date found for language `norsk'
(scrlttr2)           --> skipped on input line 13.
Class scrlttr2 Info: no date found for language `swedish'
(scrlttr2)           --> skipped on input line 13.
Class scrlttr2 Info: no date found for language `polish'
(scrlttr2)           --> skipped on input line 13.
Class scrlttr2 Info: no date found for language `czech'
(scrlttr2)           --> skipped on input line 13.
Class scrlttr2 Info: no date found for language `slovak'
(scrlttr2)           --> skipped on input line 13.
Class scrlttr2 Info: trying to activate captions and date
(scrlttr2)           of language `english' on input line 13.
Class scrlttr2 Info: used language is `english'.
(scrlttr2)           Supported languages are: `english', `UKenglish',
(scrlttr2)           `british', `american', `USenglish', `australian`,
(scrlttr2)           `canadian', `newzealand',
(scrlttr2)           `german', `ngerman', `austrian', `naustrian',
(scrlttr2)           `swissgerman', `nswissgermsn',
(scrlttr2)           `acadian', `canadien', `francais', `french', 
(scrlttr2)           `dutch', `italian', `spanish', `polish',
(scrlttr2)           `croatian', `finnish', `norsk', `swedish',
(scrlttr2)           `czech'. `slovak'  on input line 13.


./graficas.tex:22: LaTeX Error: \begin{document} ended by \end{letter}.

See the LaTeX manual or LaTeX Companion for explanation.
Type  H <return>  for immediate help.
 ...                                              
                                                  
l.22 \end{letter}
                 
? 
./graficas.tex:22: Emergency stop.
 ...                                              
                                                  
l.22 \end{letter}
                 
Your command was ignored.
Type  I <command> <return>  to replace it with another command,
or  <return>  to continue without it.

 
Here is how much of TeX's memory you used:
 1471 strings out of 492995
 25119 string characters out of 6132704
 138809 words of memory out of 5000000
 5089 multiletter control sequences out of 15000+600000
 3938 words of font info for 15 fonts, out of 8000000 for 9000
 1141 hyphenation exceptions out of 8191
 41i,1n,46p,253b,64s stack positions out of 5000i,500n,10000p,200000b,80000s
./graficas.tex:22:  ==> Fatal error occurred, no output PDF file produced!
